<?xml version="1.0" encoding="UTF-8"?>
<testng-results ignored="0" total="2" passed="1" failed="1" skipped="0">
  <reporter-output>
  </reporter-output>
  <suite started-at="2024-12-19T12:09:00 IST" name="Suite" finished-at="2024-12-19T12:10:05 IST" duration-ms="65442">
    <groups>
      <group name="Smoke">
        <method signature="FirstTest.Secondtesting(java.util.HashMap)[pri:0, instance:AllTest.FirstTest@e383572]" name="Secondtesting" class="AllTest.FirstTest"/>
      </group> <!-- Smoke -->
    </groups>
    <test started-at="2024-12-19T12:09:00 IST" name="Test" finished-at="2024-12-19T12:10:05 IST" duration-ms="65442">
      <class name="AllTest.FirstTest">
        <test-method is-config="true" signature="config()[pri:0, instance:AllTest.FirstTest@e383572]" started-at="2024-12-19T12:09:00 IST" name="config" finished-at="2024-12-19T12:09:00 IST" duration-ms="32" status="PASS">
          <reporter-output>
          </reporter-output>
        </test-method> <!-- config -->
        <test-method is-config="true" signature="ConfigureAppium()[pri:0, instance:AllTest.FirstTest@e383572]" started-at="2024-12-19T12:09:00 IST" name="ConfigureAppium" finished-at="2024-12-19T12:09:11 IST" duration-ms="10762" status="PASS">
          <reporter-output>
          </reporter-output>
        </test-method> <!-- ConfigureAppium -->
        <test-method signature="Secondtesting(java.util.HashMap)[pri:0, instance:AllTest.FirstTest@e383572]" started-at="2024-12-19T12:09:11 IST" name="Secondtesting" data-provider="getData" finished-at="2024-12-19T12:09:35 IST" duration-ms="23556" status="PASS">
          <params>
            <param index="0">
              <value>
                <![CDATA[{name=Anand Soni, country=Belarus, gender=male}]]>
              </value>
            </param>
          </params>
          <reporter-output>
          </reporter-output>
        </test-method> <!-- Secondtesting -->
        <test-method is-config="true" signature="ConfigureAppium()[pri:0, instance:AllTest.FirstTest@e383572]" started-at="2024-12-19T12:09:35 IST" name="ConfigureAppium" finished-at="2024-12-19T12:09:46 IST" duration-ms="11637" status="PASS">
          <reporter-output>
          </reporter-output>
        </test-method> <!-- ConfigureAppium -->
        <test-method signature="firsttesting(java.util.HashMap)[pri:0, instance:AllTest.FirstTest@e383572]" started-at="2024-12-19T12:09:46 IST" name="firsttesting" data-provider="getData" finished-at="2024-12-19T12:10:03 IST" duration-ms="17238" status="FAIL">
          <params>
            <param index="0">
              <value>
                <![CDATA[{name=Anand Soni, country=Belarus, gender=male}]]>
              </value>
            </param>
          </params>
          <exception class="java.lang.AssertionError">
            <message>
              <![CDATA[expected:<280.97> but was:<10>]]>
            </message>
            <full-stacktrace>
              <![CDATA[java.lang.AssertionError: expected:<280.97> but was:<10>
at org.testng.AssertJUnit.fail(AssertJUnit.java:65)
at org.testng.AssertJUnit.failNotEquals(AssertJUnit.java:467)
at org.testng.AssertJUnit.assertEquals(AssertJUnit.java:88)
at org.testng.AssertJUnit.assertEquals(AssertJUnit.java:98)
at AllTest.FirstTest.firsttesting(FirstTest.java:52)
at java.base/jdk.internal.reflect.NativeMethodAccessorImpl.invoke0(Native Method)
at java.base/jdk.internal.reflect.NativeMethodAccessorImpl.invoke(NativeMethodAccessorImpl.java:62)
at java.base/jdk.internal.reflect.DelegatingMethodAccessorImpl.invoke(DelegatingMethodAccessorImpl.java:43)
at java.base/java.lang.reflect.Method.invoke(Method.java:566)
at org.testng.internal.invokers.MethodInvocationHelper.invokeMethod(MethodInvocationHelper.java:139)
at org.testng.internal.invokers.TestInvoker.invokeMethod(TestInvoker.java:664)
at org.testng.internal.invokers.TestInvoker.invokeTestMethod(TestInvoker.java:228)
at org.testng.internal.invokers.MethodRunner.runInSequence(MethodRunner.java:63)
at org.testng.internal.invokers.TestInvoker$MethodInvocationAgent.invoke(TestInvoker.java:961)
at org.testng.internal.invokers.TestInvoker.invokeTestMethods(TestInvoker.java:201)
at org.testng.internal.invokers.TestMethodWorker.invokeTestMethods(TestMethodWorker.java:148)
at org.testng.internal.invokers.TestMethodWorker.run(TestMethodWorker.java:128)
at java.base/java.util.ArrayList.forEach(ArrayList.java:1541)
at org.testng.TestRunner.privateRun(TestRunner.java:819)
at org.testng.TestRunner.run(TestRunner.java:619)
at org.testng.SuiteRunner.runTest(SuiteRunner.java:443)
at org.testng.SuiteRunner.runSequentially(SuiteRunner.java:437)
at org.testng.SuiteRunner.privateRun(SuiteRunner.java:397)
at org.testng.SuiteRunner.run(SuiteRunner.java:336)
at org.testng.SuiteRunnerWorker.runSuite(SuiteRunnerWorker.java:52)
at org.testng.SuiteRunnerWorker.run(SuiteRunnerWorker.java:95)
at org.testng.TestNG.runSuitesSequentially(TestNG.java:1301)
at org.testng.TestNG.runSuitesLocally(TestNG.java:1228)
at org.testng.TestNG.runSuites(TestNG.java:1134)
at org.testng.TestNG.run(TestNG.java:1101)
at org.apache.maven.surefire.testng.TestNGExecutor.run(TestNGExecutor.java:324)
at org.apache.maven.surefire.testng.TestNGXmlTestSuite.execute(TestNGXmlTestSuite.java:74)
at org.apache.maven.surefire.testng.TestNGProvider.invoke(TestNGProvider.java:123)
at org.apache.maven.surefire.booter.ForkedBooter.runSuitesInProcess(ForkedBooter.java:456)
at org.apache.maven.surefire.booter.ForkedBooter.execute(ForkedBooter.java:169)
at org.apache.maven.surefire.booter.ForkedBooter.run(ForkedBooter.java:595)
at org.apache.maven.surefire.booter.ForkedBooter.main(ForkedBooter.java:581)
]]>
            </full-stacktrace>
          </exception> <!-- java.lang.AssertionError -->
          <reporter-output>
          </reporter-output>
        </test-method> <!-- firsttesting -->
        <test-method is-config="true" signature="teardown()[pri:0, instance:AllTest.FirstTest@e383572]" started-at="2024-12-19T12:10:04 IST" name="teardown" finished-at="2024-12-19T12:10:05 IST" duration-ms="628" status="PASS">
          <reporter-output>
          </reporter-output>
        </test-method> <!-- teardown -->
      </class> <!-- AllTest.FirstTest -->
    </test> <!-- Test -->
  </suite> <!-- Suite -->
</testng-results>
